<?xml version="1.0" encoding="UTF-8"?>
<testng-results ignored="0" total="1" passed="1" failed="0" skipped="0">
  <reporter-output>
  </reporter-output>
  <suite started-at="2022-01-22T15:33:58 CST" name="AmazonFunctional" finished-at="2022-01-22T15:35:23 CST" duration-ms="84820">
    <groups>
    </groups>
    <test started-at="2022-01-22T15:33:58 CST" name="homedepotregistration" finished-at="2022-01-22T15:35:23 CST" duration-ms="84820">
      <class name="Bootcamp_Amazon.Test_Amazonchekout">
        <test-method is-config="true" signature="Browsers(java.lang.String,java.lang.String)[pri:0, instance:Bootcamp_Amazon.Test_Amazonchekout@429bffaa]" started-at="2022-01-22T15:33:58 CST" name="Browsers" finished-at="2022-01-22T15:34:06 CST" duration-ms="8122" status="PASS">
          <params>
            <param index="0">
              <value>
                <![CDATA[chrome]]>
              </value>
            </param>
            <param index="1">
              <value>
                <![CDATA[https://www.amazon.com]]>
              </value>
            </param>
          </params>
          <reporter-output>
          </reporter-output>
        </test-method> <!-- Browsers -->
        <test-method signature="f(java.lang.String)[pri:0, instance:Bootcamp_Amazon.Test_Amazonchekout@429bffaa]" started-at="2022-01-22T15:34:06 CST" name="f" data-provider="Dp" finished-at="2022-01-22T15:35:17 CST" duration-ms="70509" status="PASS">
          <params>
            <param index="0">
              <value>
                <![CDATA[TV]]>
              </value>
            </param>
          </params>
          <reporter-output>
          </reporter-output>
        </test-method> <!-- f -->
        <test-method is-config="true" signature="afterMethod()[pri:0, instance:Bootcamp_Amazon.Test_Amazonchekout@429bffaa]" started-at="2022-01-22T15:35:17 CST" name="afterMethod" finished-at="2022-01-22T15:35:23 CST" duration-ms="6154" status="PASS">
          <reporter-output>
          </reporter-output>
        </test-method> <!-- afterMethod -->
      </class> <!-- Bootcamp_Amazon.Test_Amazonchekout -->
    </test> <!-- homedepotregistration -->
  </suite> <!-- AmazonFunctional -->
</testng-results>
