<?xml version="1.0" encoding="UTF-8"?>
<!-- Generated by org.testng.reporters.JUnitXMLReporter -->
<testsuite ignored="0" hostname="john" failures="0" tests="4" name="Regressionofchrome" time="128.241" errors="0" timestamp="2022-01-09T20:33:10 CST">
  <testcase classname="PageObjectModel.Test_FaceBook" name="f" time="6.286"/>
  <testcase classname="PageObjectModel.Test_FaceBook" name="f" time="6.259"/>
  <testcase classname="PageObjectModel.Test_FaceBook" name="f" time="6.281"/>
  <testcase classname="PageObjectModel.Test_FaceBook" name="f" time="6.268"/>
</testsuite> <!-- Regressionofchrome -->
