<?xml version="1.0" encoding="UTF-8"?>
<testng-results ignored="0" total="2" passed="2" failed="0" skipped="0">
  <reporter-output>
  </reporter-output>
  <suite started-at="2022-01-24T11:44:17 CST" name="SmokeTesting" finished-at="2022-01-24T11:46:15 CST" duration-ms="117839">
    <groups>
    </groups>
    <test started-at="2022-01-24T11:44:17 CST" name="homedepotregistration" finished-at="2022-01-24T11:46:15 CST" duration-ms="117839">
      <class name="Bootcamp.IL_yohanes.Test_homedepotReg">
        <test-method is-config="true" signature="Browsers(java.lang.String,java.lang.String)[pri:0, instance:Bootcamp.IL_yohanes.Test_homedepotReg@10959ece]" started-at="2022-01-24T11:44:17 CST" name="Browsers" finished-at="2022-01-24T11:44:27 CST" duration-ms="9541" status="PASS">
          <params>
            <param index="0">
              <value>
                <![CDATA[chrome]]>
              </value>
            </param>
            <param index="1">
              <value>
                <![CDATA[https://www.homedepot.com]]>
              </value>
            </param>
          </params>
          <reporter-output>
          </reporter-output>
        </test-method> <!-- Browsers -->
        <test-method signature="TestReg(java.lang.String,java.lang.String,java.lang.String,java.lang.String)[pri:0, instance:Bootcamp.IL_yohanes.Test_homedepotReg@10959ece]" started-at="2022-01-24T11:44:27 CST" name="TestReg" data-provider="regDataprovider" finished-at="2022-01-24T11:45:16 CST" duration-ms="49102" status="PASS">
          <params>
            <param index="0">
              <value>
                <![CDATA[yohanes@.com]]>
              </value>
            </param>
            <param index="1">
              <value>
                <![CDATA[Password@1]]>
              </value>
            </param>
            <param index="2">
              <value>
                <![CDATA[11111]]>
              </value>
            </param>
            <param index="3">
              <value>
                <![CDATA[1111111111]]>
              </value>
            </param>
          </params>
          <reporter-output>
          </reporter-output>
        </test-method> <!-- TestReg -->
        <test-method is-config="true" signature="afterMethod()[pri:0, instance:Bootcamp.IL_yohanes.Test_homedepotReg@10959ece]" started-at="2022-01-24T11:45:16 CST" name="afterMethod" finished-at="2022-01-24T11:45:17 CST" duration-ms="829" status="PASS">
          <reporter-output>
          </reporter-output>
        </test-method> <!-- afterMethod -->
        <test-method is-config="true" signature="Browsers(java.lang.String,java.lang.String)[pri:0, instance:Bootcamp.IL_yohanes.Test_homedepotReg@10959ece]" started-at="2022-01-24T11:45:17 CST" name="Browsers" finished-at="2022-01-24T11:45:25 CST" duration-ms="8643" status="PASS">
          <params>
            <param index="0">
              <value>
                <![CDATA[chrome]]>
              </value>
            </param>
            <param index="1">
              <value>
                <![CDATA[https://www.homedepot.com]]>
              </value>
            </param>
          </params>
          <reporter-output>
          </reporter-output>
        </test-method> <!-- Browsers -->
        <test-method signature="TestReg(java.lang.String,java.lang.String,java.lang.String,java.lang.String)[pri:0, instance:Bootcamp.IL_yohanes.Test_homedepotReg@10959ece]" started-at="2022-01-24T11:45:25 CST" name="TestReg" data-provider="regDataprovider" finished-at="2022-01-24T11:46:14 CST" duration-ms="48876" status="PASS">
          <params>
            <param index="0">
              <value>
                <![CDATA[beth@yahoo.com]]>
              </value>
            </param>
            <param index="1">
              <value>
                <![CDATA[pasword@2]]>
              </value>
            </param>
            <param index="2">
              <value>
                <![CDATA[22222]]>
              </value>
            </param>
            <param index="3">
              <value>
                <![CDATA[2222222222]]>
              </value>
            </param>
          </params>
          <reporter-output>
          </reporter-output>
        </test-method> <!-- TestReg -->
        <test-method is-config="true" signature="afterMethod()[pri:0, instance:Bootcamp.IL_yohanes.Test_homedepotReg@10959ece]" started-at="2022-01-24T11:46:14 CST" name="afterMethod" finished-at="2022-01-24T11:46:15 CST" duration-ms="794" status="PASS">
          <reporter-output>
          </reporter-output>
        </test-method> <!-- afterMethod -->
      </class> <!-- Bootcamp.IL_yohanes.Test_homedepotReg -->
    </test> <!-- homedepotregistration -->
  </suite> <!-- SmokeTesting -->
</testng-results>
