<?xml version="1.0" encoding="UTF-8"?>
<testng-results ignored="0" total="1" passed="1" failed="0" skipped="0">
  <reporter-output>
  </reporter-output>
  <suite started-at="2022-01-22T15:55:57 CST" name="Default suite" finished-at="2022-01-22T15:56:01 CST" duration-ms="4522">
    <groups>
    </groups>
    <test started-at="2022-01-22T15:55:57 CST" name="Default test" finished-at="2022-01-22T15:56:01 CST" duration-ms="4522">
      <class name="ApI_Bootcamp.TC02_API_POST_Method">
        <test-method is-config="true" signature="Beforemethod()[pri:0, instance:ApI_Bootcamp.TC02_API_POST_Method@383bfa16]" started-at="2022-01-22T15:55:57 CST" name="Beforemethod" finished-at="2022-01-22T15:56:00 CST" duration-ms="2975" status="PASS">
          <reporter-output>
          </reporter-output>
        </test-method> <!-- Beforemethod -->
        <test-method signature="Postmethod()[pri:0, instance:ApI_Bootcamp.TC02_API_POST_Method@383bfa16]" started-at="2022-01-22T15:56:00 CST" name="Postmethod" finished-at="2022-01-22T15:56:01 CST" duration-ms="1507" status="PASS">
          <reporter-output>
          </reporter-output>
        </test-method> <!-- Postmethod -->
      </class> <!-- ApI_Bootcamp.TC02_API_POST_Method -->
    </test> <!-- Default test -->
  </suite> <!-- Default suite -->
</testng-results>
